{"C:\\Users\\Kolega\\Desktop\\Projekt\\projekt-bakolega\\backend\\app.js": {"path":"C:\\Users\\Kolega\\Desktop\\Projekt\\projekt-bakolega\\backend\\app.js","statementMap":{"0":{"start":{"line":1,"column":15},"end":{"line":1,"column":40}},"1":{"start":{"line":2,"column":16},"end":{"line":2,"column":34}},"2":{"start":{"line":3,"column":0},"end":{"line":3,"column":31}},"3":{"start":{"line":4,"column":12},"end":{"line":4,"column":21}},"4":{"start":{"line":5,"column":13},"end":{"line":5,"column":28}},"5":{"start":{"line":6,"column":17},"end":{"line":6,"column":36}},"6":{"start":{"line":8,"column":24},"end":{"line":8,"column":58}},"7":{"start":{"line":9,"column":20},"end":{"line":9,"column":50}},"8":{"start":{"line":10,"column":21},"end":{"line":10,"column":52}},"9":{"start":{"line":11,"column":21},"end":{"line":11,"column":52}},"10":{"start":{"line":12,"column":21},"end":{"line":12,"column":58}},"11":{"start":{"line":13,"column":26},"end":{"line":13,"column":62}},"12":{"start":{"line":15,"column":19},"end":{"line":15,"column":48}},"13":{"start":{"line":20,"column":0},"end":{"line":20,"column":33}},"14":{"start":{"line":22,"column":0},"end":{"line":28,"column":6}},"15":{"start":{"line":24,"column":8},"end":{"line":24,"column":43}},"16":{"start":{"line":27,"column":8},"end":{"line":27,"column":58}},"17":{"start":{"line":32,"column":0},"end":{"line":32,"column":15}},"18":{"start":{"line":33,"column":0},"end":{"line":33,"column":23}},"19":{"start":{"line":34,"column":0},"end":{"line":34,"column":32}},"20":{"start":{"line":36,"column":0},"end":{"line":36,"column":45}},"21":{"start":{"line":37,"column":0},"end":{"line":37,"column":42}},"22":{"start":{"line":39,"column":0},"end":{"line":39,"column":34}},"23":{"start":{"line":41,"column":0},"end":{"line":41,"column":36}},"24":{"start":{"line":42,"column":0},"end":{"line":42,"column":36}},"25":{"start":{"line":43,"column":0},"end":{"line":43,"column":36}},"26":{"start":{"line":47,"column":0},"end":{"line":47,"column":33}},"27":{"start":{"line":48,"column":0},"end":{"line":48,"column":32}},"28":{"start":{"line":50,"column":0},"end":{"line":50,"column":20}}},"fnMap":{"0":{"name":"(anonymous_0)","decl":{"start":{"line":23,"column":10},"end":{"line":23,"column":11}},"loc":{"start":{"line":23,"column":20},"end":{"line":25,"column":5}},"line":23},"1":{"name":"(anonymous_1)","decl":{"start":{"line":26,"column":11},"end":{"line":26,"column":12}},"loc":{"start":{"line":26,"column":20},"end":{"line":28,"column":5}},"line":26}},"branchMap":{},"s":{"0":3,"1":3,"2":3,"3":3,"4":3,"5":3,"6":3,"7":3,"8":3,"9":3,"10":3,"11":3,"12":3,"13":3,"14":3,"15":3,"16":0,"17":3,"18":3,"19":3,"20":3,"21":3,"22":3,"23":3,"24":3,"25":3,"26":3,"27":3,"28":3},"f":{"0":3,"1":0},"b":{},"_coverageSchema":"1a1c01bbd47fc00a2c39e90264f33305004495a9","hash":"99b0d618da390516cbfbb82343d21dce42e8e50a"}
,"C:\\Users\\Kolega\\Desktop\\Projekt\\projekt-bakolega\\backend\\Test\\test_pomocni.js": {"path":"C:\\Users\\Kolega\\Desktop\\Projekt\\projekt-bakolega\\backend\\Test\\test_pomocni.js","statementMap":{"0":{"start":{"line":1,"column":15},"end":{"line":1,"column":42}},"1":{"start":{"line":2,"column":17},"end":{"line":2,"column":46}},"2":{"start":{"line":4,"column":22},"end":{"line":26,"column":1}},"3":{"start":{"line":28,"column":23},"end":{"line":31,"column":4}},"4":{"start":{"line":29,"column":22},"end":{"line":29,"column":45}},"5":{"start":{"line":30,"column":4},"end":{"line":30,"column":41}},"6":{"start":{"line":30,"column":30},"end":{"line":30,"column":40}},"7":{"start":{"line":32,"column":20},"end":{"line":35,"column":4}},"8":{"start":{"line":33,"column":19},"end":{"line":33,"column":42}},"9":{"start":{"line":34,"column":4},"end":{"line":34,"column":38}},"10":{"start":{"line":34,"column":27},"end":{"line":34,"column":37}},"11":{"start":{"line":38,"column":20},"end":{"line":41,"column":1}},"12":{"start":{"line":39,"column":19},"end":{"line":39,"column":40}},"13":{"start":{"line":40,"column":4},"end":{"line":40,"column":38}},"14":{"start":{"line":40,"column":27},"end":{"line":40,"column":37}},"15":{"start":{"line":43,"column":0},"end":{"line":43,"column":73}}},"fnMap":{"0":{"name":"(anonymous_0)","decl":{"start":{"line":28,"column":23},"end":{"line":28,"column":24}},"loc":{"start":{"line":28,"column":35},"end":{"line":31,"column":4}},"line":28},"1":{"name":"(anonymous_1)","decl":{"start":{"line":30,"column":25},"end":{"line":30,"column":26}},"loc":{"start":{"line":30,"column":30},"end":{"line":30,"column":40}},"line":30},"2":{"name":"(anonymous_2)","decl":{"start":{"line":32,"column":20},"end":{"line":32,"column":21}},"loc":{"start":{"line":32,"column":32},"end":{"line":35,"column":4}},"line":32},"3":{"name":"(anonymous_3)","decl":{"start":{"line":34,"column":22},"end":{"line":34,"column":23}},"loc":{"start":{"line":34,"column":27},"end":{"line":34,"column":37}},"line":34},"4":{"name":"(anonymous_4)","decl":{"start":{"line":38,"column":20},"end":{"line":38,"column":21}},"loc":{"start":{"line":38,"column":32},"end":{"line":41,"column":1}},"line":38},"5":{"name":"(anonymous_5)","decl":{"start":{"line":40,"column":22},"end":{"line":40,"column":23}},"loc":{"start":{"line":40,"column":27},"end":{"line":40,"column":37}},"line":40}},"branchMap":{},"s":{"0":3,"1":3,"2":3,"3":3,"4":2,"5":2,"6":2,"7":3,"8":0,"9":0,"10":0,"11":3,"12":2,"13":2,"14":6,"15":3},"f":{"0":2,"1":2,"2":0,"3":0,"4":2,"5":6},"b":{},"_coverageSchema":"1a1c01bbd47fc00a2c39e90264f33305004495a9","hash":"fa3ad3f8fceef6082cc081dbeab9c637ab0bbbe2"}
,"C:\\Users\\Kolega\\Desktop\\Projekt\\projekt-bakolega\\backend\\controllers\\autori.js": {"path":"C:\\Users\\Kolega\\Desktop\\Projekt\\projekt-bakolega\\backend\\controllers\\autori.js","statementMap":{"0":{"start":{"line":1,"column":21},"end":{"line":1,"column":48}},"1":{"start":{"line":2,"column":14},"end":{"line":2,"column":40}},"2":{"start":{"line":3,"column":33},"end":{"line":3,"column":67}},"3":{"start":{"line":7,"column":0},"end":{"line":10,"column":2}},"4":{"start":{"line":8,"column":20},"end":{"line":8,"column":38}},"5":{"start":{"line":9,"column":4},"end":{"line":9,"column":21}},"6":{"start":{"line":12,"column":0},"end":{"line":16,"column":2}},"7":{"start":{"line":13,"column":20},"end":{"line":13,"column":55}},"8":{"start":{"line":14,"column":4},"end":{"line":14,"column":21}},"9":{"start":{"line":18,"column":0},"end":{"line":25,"column":2}},"10":{"start":{"line":19,"column":20},"end":{"line":22,"column":6}},"11":{"start":{"line":23,"column":4},"end":{"line":23,"column":21}},"12":{"start":{"line":28,"column":0},"end":{"line":45,"column":2}},"13":{"start":{"line":30,"column":20},"end":{"line":30,"column":28}},"14":{"start":{"line":32,"column":4},"end":{"line":36,"column":5}},"15":{"start":{"line":33,"column":8},"end":{"line":35,"column":10}},"16":{"start":{"line":37,"column":22},"end":{"line":40,"column":6}},"17":{"start":{"line":42,"column":4},"end":{"line":44,"column":6}},"18":{"start":{"line":43,"column":8},"end":{"line":43,"column":33}},"19":{"start":{"line":56,"column":0},"end":{"line":56,"column":29}}},"fnMap":{"0":{"name":"(anonymous_0)","decl":{"start":{"line":7,"column":22},"end":{"line":7,"column":23}},"loc":{"start":{"line":7,"column":42},"end":{"line":10,"column":1}},"line":7},"1":{"name":"(anonymous_1)","decl":{"start":{"line":12,"column":25},"end":{"line":12,"column":26}},"loc":{"start":{"line":12,"column":51},"end":{"line":16,"column":1}},"line":12},"2":{"name":"(anonymous_2)","decl":{"start":{"line":18,"column":37},"end":{"line":18,"column":38}},"loc":{"start":{"line":18,"column":57},"end":{"line":25,"column":1}},"line":18},"3":{"name":"(anonymous_3)","decl":{"start":{"line":28,"column":45},"end":{"line":28,"column":46}},"loc":{"start":{"line":28,"column":65},"end":{"line":45,"column":1}},"line":28},"4":{"name":"(anonymous_4)","decl":{"start":{"line":42,"column":26},"end":{"line":42,"column":27}},"loc":{"start":{"line":42,"column":45},"end":{"line":44,"column":5}},"line":42}},"branchMap":{"0":{"loc":{"start":{"line":32,"column":4},"end":{"line":36,"column":5}},"type":"if","locations":[{"start":{"line":32,"column":4},"end":{"line":36,"column":5}},{"start":{},"end":{}}],"line":32}},"s":{"0":3,"1":3,"2":3,"3":3,"4":1,"5":1,"6":3,"7":1,"8":1,"9":3,"10":1,"11":1,"12":3,"13":2,"14":2,"15":1,"16":1,"17":1,"18":1,"19":3},"f":{"0":1,"1":1,"2":1,"3":2,"4":1},"b":{"0":[1,1]},"_coverageSchema":"1a1c01bbd47fc00a2c39e90264f33305004495a9","hash":"a804024e9ac7d14811ccec44ae2daf01fa404a54"}
,"C:\\Users\\Kolega\\Desktop\\Projekt\\projekt-bakolega\\backend\\controllers\\knjige.js": {"path":"C:\\Users\\Kolega\\Desktop\\Projekt\\projekt-bakolega\\backend\\controllers\\knjige.js","statementMap":{"0":{"start":{"line":1,"column":21},"end":{"line":1,"column":48}},"1":{"start":{"line":3,"column":15},"end":{"line":3,"column":42}},"2":{"start":{"line":5,"column":34},"end":{"line":5,"column":68}},"3":{"start":{"line":8,"column":0},"end":{"line":12,"column":2}},"4":{"start":{"line":9,"column":19},"end":{"line":10,"column":26}},"5":{"start":{"line":11,"column":4},"end":{"line":11,"column":20}},"6":{"start":{"line":14,"column":0},"end":{"line":19,"column":2}},"7":{"start":{"line":15,"column":4},"end":{"line":15,"column":40}},"8":{"start":{"line":16,"column":19},"end":{"line":17,"column":26}},"9":{"start":{"line":18,"column":4},"end":{"line":18,"column":20}},"10":{"start":{"line":28,"column":0},"end":{"line":34,"column":2}},"11":{"start":{"line":30,"column":14},"end":{"line":31,"column":26}},"12":{"start":{"line":33,"column":4},"end":{"line":33,"column":15}},"13":{"start":{"line":37,"column":0},"end":{"line":52,"column":2}},"14":{"start":{"line":39,"column":20},"end":{"line":39,"column":28}},"15":{"start":{"line":41,"column":23},"end":{"line":47,"column":6}},"16":{"start":{"line":49,"column":4},"end":{"line":51,"column":6}},"17":{"start":{"line":50,"column":8},"end":{"line":50,"column":34}},"18":{"start":{"line":64,"column":0},"end":{"line":64,"column":29}}},"fnMap":{"0":{"name":"(anonymous_0)","decl":{"start":{"line":8,"column":22},"end":{"line":8,"column":23}},"loc":{"start":{"line":8,"column":42},"end":{"line":12,"column":1}},"line":8},"1":{"name":"(anonymous_1)","decl":{"start":{"line":14,"column":44},"end":{"line":14,"column":45}},"loc":{"start":{"line":14,"column":64},"end":{"line":19,"column":1}},"line":14},"2":{"name":"(anonymous_2)","decl":{"start":{"line":28,"column":25},"end":{"line":28,"column":26}},"loc":{"start":{"line":28,"column":51},"end":{"line":34,"column":1}},"line":28},"3":{"name":"(anonymous_3)","decl":{"start":{"line":37,"column":46},"end":{"line":37,"column":47}},"loc":{"start":{"line":37,"column":66},"end":{"line":52,"column":1}},"line":37},"4":{"name":"(anonymous_4)","decl":{"start":{"line":49,"column":27},"end":{"line":49,"column":28}},"loc":{"start":{"line":49,"column":47},"end":{"line":51,"column":5}},"line":49}},"branchMap":{},"s":{"0":3,"1":3,"2":3,"3":3,"4":3,"5":3,"6":3,"7":1,"8":1,"9":1,"10":3,"11":1,"12":1,"13":3,"14":1,"15":1,"16":1,"17":1,"18":3},"f":{"0":3,"1":1,"2":1,"3":1,"4":1},"b":{},"_coverageSchema":"1a1c01bbd47fc00a2c39e90264f33305004495a9","hash":"16fb9e197d9e361e799244c153268922261e2008"}
,"C:\\Users\\Kolega\\Desktop\\Projekt\\projekt-bakolega\\backend\\controllers\\knjiznicari.js": {"path":"C:\\Users\\Kolega\\Desktop\\Projekt\\projekt-bakolega\\backend\\controllers\\knjiznicari.js","statementMap":{"0":{"start":{"line":1,"column":26},"end":{"line":1,"column":53}},"1":{"start":{"line":2,"column":17},"end":{"line":2,"column":46}},"2":{"start":{"line":3,"column":15},"end":{"line":3,"column":48}},"3":{"start":{"line":4,"column":15},"end":{"line":4,"column":41}},"4":{"start":{"line":5,"column":34},"end":{"line":5,"column":68}},"5":{"start":{"line":8,"column":0},"end":{"line":30,"column":2}},"6":{"start":{"line":10,"column":17},"end":{"line":10,"column":27}},"7":{"start":{"line":11,"column":4},"end":{"line":11,"column":61}},"8":{"start":{"line":14,"column":20},"end":{"line":14,"column":164}},"9":{"start":{"line":15,"column":4},"end":{"line":18,"column":5}},"10":{"start":{"line":16,"column":8},"end":{"line":16,"column":67}},"11":{"start":{"line":17,"column":8},"end":{"line":17,"column":94}},"12":{"start":{"line":23,"column":21},"end":{"line":23,"column":159}},"13":{"start":{"line":24,"column":4},"end":{"line":27,"column":5}},"14":{"start":{"line":25,"column":8},"end":{"line":25,"column":50}},"15":{"start":{"line":26,"column":8},"end":{"line":26,"column":77}},"16":{"start":{"line":28,"column":4},"end":{"line":28,"column":28}},"17":{"start":{"line":33,"column":0},"end":{"line":45,"column":2}},"18":{"start":{"line":35,"column":20},"end":{"line":35,"column":165}},"19":{"start":{"line":36,"column":4},"end":{"line":38,"column":5}},"20":{"start":{"line":37,"column":8},"end":{"line":37,"column":95}},"21":{"start":{"line":40,"column":21},"end":{"line":40,"column":154}},"22":{"start":{"line":41,"column":4},"end":{"line":43,"column":5}},"23":{"start":{"line":42,"column":8},"end":{"line":42,"column":78}},"24":{"start":{"line":44,"column":4},"end":{"line":44,"column":28}},"25":{"start":{"line":47,"column":0},"end":{"line":47,"column":34}}},"fnMap":{"0":{"name":"(anonymous_0)","decl":{"start":{"line":8,"column":59},"end":{"line":8,"column":60}},"loc":{"start":{"line":8,"column":79},"end":{"line":30,"column":1}},"line":8},"1":{"name":"(anonymous_1)","decl":{"start":{"line":33,"column":58},"end":{"line":33,"column":59}},"loc":{"start":{"line":33,"column":78},"end":{"line":45,"column":1}},"line":33}},"branchMap":{"0":{"loc":{"start":{"line":15,"column":4},"end":{"line":18,"column":5}},"type":"if","locations":[{"start":{"line":15,"column":4},"end":{"line":18,"column":5}},{"start":{},"end":{}}],"line":15},"1":{"loc":{"start":{"line":24,"column":4},"end":{"line":27,"column":5}},"type":"if","locations":[{"start":{"line":24,"column":4},"end":{"line":27,"column":5}},{"start":{},"end":{}}],"line":24},"2":{"loc":{"start":{"line":36,"column":4},"end":{"line":38,"column":5}},"type":"if","locations":[{"start":{"line":36,"column":4},"end":{"line":38,"column":5}},{"start":{},"end":{}}],"line":36},"3":{"loc":{"start":{"line":41,"column":4},"end":{"line":43,"column":5}},"type":"if","locations":[{"start":{"line":41,"column":4},"end":{"line":43,"column":5}},{"start":{},"end":{}}],"line":41}},"s":{"0":3,"1":3,"2":3,"3":3,"4":3,"5":3,"6":1,"7":1,"8":1,"9":1,"10":0,"11":0,"12":1,"13":1,"14":0,"15":0,"16":1,"17":3,"18":1,"19":1,"20":0,"21":1,"22":1,"23":0,"24":1,"25":3},"f":{"0":1,"1":1},"b":{"0":[0,1],"1":[0,1],"2":[0,1],"3":[0,1]},"_coverageSchema":"1a1c01bbd47fc00a2c39e90264f33305004495a9","hash":"ba90bf77ca10921e3b76c893eeb136f197281c32"}
,"C:\\Users\\Kolega\\Desktop\\Projekt\\projekt-bakolega\\backend\\controllers\\kopijeKnjige.js": {"path":"C:\\Users\\Kolega\\Desktop\\Projekt\\projekt-bakolega\\backend\\controllers\\kopijeKnjige.js","statementMap":{"0":{"start":{"line":1,"column":21},"end":{"line":1,"column":48}},"1":{"start":{"line":2,"column":12},"end":{"line":2,"column":35}},"2":{"start":{"line":3,"column":15},"end":{"line":3,"column":48}},"3":{"start":{"line":4,"column":17},"end":{"line":4,"column":46}},"4":{"start":{"line":5,"column":21},"end":{"line":5,"column":53}},"5":{"start":{"line":7,"column":55},"end":{"line":7,"column":89}},"6":{"start":{"line":11,"column":0},"end":{"line":27,"column":2}},"7":{"start":{"line":13,"column":20},"end":{"line":13,"column":28}},"8":{"start":{"line":15,"column":4},"end":{"line":19,"column":5}},"9":{"start":{"line":16,"column":8},"end":{"line":18,"column":10}},"10":{"start":{"line":20,"column":23},"end":{"line":22,"column":6}},"11":{"start":{"line":24,"column":4},"end":{"line":26,"column":6}},"12":{"start":{"line":25,"column":8},"end":{"line":25,"column":34}},"13":{"start":{"line":30,"column":0},"end":{"line":35,"column":2}},"14":{"start":{"line":31,"column":16},"end":{"line":33,"column":6}},"15":{"start":{"line":34,"column":4},"end":{"line":34,"column":17}},"16":{"start":{"line":58,"column":0},"end":{"line":65,"column":2}},"17":{"start":{"line":59,"column":4},"end":{"line":59,"column":93}},"18":{"start":{"line":60,"column":4},"end":{"line":60,"column":101}},"19":{"start":{"line":61,"column":20},"end":{"line":61,"column":65}},"20":{"start":{"line":63,"column":4},"end":{"line":63,"column":21}},"21":{"start":{"line":69,"column":0},"end":{"line":69,"column":29}}},"fnMap":{"0":{"name":"(anonymous_0)","decl":{"start":{"line":11,"column":46},"end":{"line":11,"column":47}},"loc":{"start":{"line":11,"column":66},"end":{"line":27,"column":1}},"line":11},"1":{"name":"(anonymous_1)","decl":{"start":{"line":24,"column":27},"end":{"line":24,"column":28}},"loc":{"start":{"line":24,"column":47},"end":{"line":26,"column":5}},"line":24},"2":{"name":"(anonymous_2)","decl":{"start":{"line":30,"column":29},"end":{"line":30,"column":30}},"loc":{"start":{"line":30,"column":49},"end":{"line":35,"column":1}},"line":30},"3":{"name":"(anonymous_3)","decl":{"start":{"line":58,"column":51},"end":{"line":58,"column":52}},"loc":{"start":{"line":58,"column":71},"end":{"line":65,"column":1}},"line":58}},"branchMap":{"0":{"loc":{"start":{"line":15,"column":4},"end":{"line":19,"column":5}},"type":"if","locations":[{"start":{"line":15,"column":4},"end":{"line":19,"column":5}},{"start":{},"end":{}}],"line":15}},"s":{"0":3,"1":3,"2":3,"3":3,"4":3,"5":3,"6":3,"7":2,"8":2,"9":1,"10":1,"11":1,"12":1,"13":3,"14":1,"15":1,"16":3,"17":2,"18":2,"19":2,"20":2,"21":3},"f":{"0":2,"1":1,"2":1,"3":2},"b":{"0":[1,1]},"_coverageSchema":"1a1c01bbd47fc00a2c39e90264f33305004495a9","hash":"c22c1d90cbb8b34280b56399e2e265adc58a4d9f"}
,"C:\\Users\\Kolega\\Desktop\\Projekt\\projekt-bakolega\\backend\\controllers\\korisnici.js": {"path":"C:\\Users\\Kolega\\Desktop\\Projekt\\projekt-bakolega\\backend\\controllers\\korisnici.js","statementMap":{"0":{"start":{"line":1,"column":24},"end":{"line":1,"column":51}},"1":{"start":{"line":3,"column":17},"end":{"line":3,"column":46}},"2":{"start":{"line":4,"column":15},"end":{"line":4,"column":48}},"3":{"start":{"line":5,"column":15},"end":{"line":5,"column":42}},"4":{"start":{"line":7,"column":15},"end":{"line":7,"column":41}},"5":{"start":{"line":9,"column":15},"end":{"line":9,"column":32}},"6":{"start":{"line":11,"column":55},"end":{"line":11,"column":89}},"7":{"start":{"line":14,"column":0},"end":{"line":17,"column":2}},"8":{"start":{"line":15,"column":22},"end":{"line":15,"column":66}},"9":{"start":{"line":16,"column":4},"end":{"line":16,"column":23}},"10":{"start":{"line":20,"column":0},"end":{"line":34,"column":2}},"11":{"start":{"line":21,"column":20},"end":{"line":21,"column":28}},"12":{"start":{"line":22,"column":18},"end":{"line":22,"column":20}},"13":{"start":{"line":23,"column":21},"end":{"line":23,"column":63}},"14":{"start":{"line":25,"column":21},"end":{"line":30,"column":6}},"15":{"start":{"line":32,"column":24},"end":{"line":32,"column":45}},"16":{"start":{"line":33,"column":4},"end":{"line":33,"column":25}},"17":{"start":{"line":37,"column":0},"end":{"line":45,"column":2}},"18":{"start":{"line":38,"column":20},"end":{"line":43,"column":6}},"19":{"start":{"line":44,"column":4},"end":{"line":44,"column":21}},"20":{"start":{"line":48,"column":0},"end":{"line":59,"column":2}},"21":{"start":{"line":50,"column":17},"end":{"line":50,"column":154}},"22":{"start":{"line":51,"column":23},"end":{"line":51,"column":44}},"23":{"start":{"line":52,"column":4},"end":{"line":52,"column":68}},"24":{"start":{"line":56,"column":20},"end":{"line":56,"column":148}},"25":{"start":{"line":58,"column":4},"end":{"line":58,"column":21}},"26":{"start":{"line":62,"column":0},"end":{"line":65,"column":2}},"27":{"start":{"line":63,"column":21},"end":{"line":63,"column":59}},"28":{"start":{"line":64,"column":4},"end":{"line":64,"column":34}},"29":{"start":{"line":67,"column":0},"end":{"line":75,"column":2}},"30":{"start":{"line":68,"column":20},"end":{"line":73,"column":6}},"31":{"start":{"line":74,"column":4},"end":{"line":74,"column":21}},"32":{"start":{"line":79,"column":0},"end":{"line":87,"column":2}},"33":{"start":{"line":80,"column":16},"end":{"line":80,"column":120}},"34":{"start":{"line":81,"column":4},"end":{"line":83,"column":5}},"35":{"start":{"line":82,"column":8},"end":{"line":82,"column":94}},"36":{"start":{"line":84,"column":21},"end":{"line":84,"column":135}},"37":{"start":{"line":85,"column":4},"end":{"line":85,"column":34}},"38":{"start":{"line":91,"column":0},"end":{"line":109,"column":2}},"39":{"start":{"line":92,"column":21},"end":{"line":92,"column":182}},"40":{"start":{"line":93,"column":4},"end":{"line":102,"column":5}},"41":{"start":{"line":94,"column":26},"end":{"line":94,"column":64}},"42":{"start":{"line":95,"column":8},"end":{"line":101,"column":93}},"43":{"start":{"line":96,"column":12},"end":{"line":96,"column":126}},"44":{"start":{"line":97,"column":12},"end":{"line":97,"column":116}},"45":{"start":{"line":98,"column":12},"end":{"line":98,"column":62}},"46":{"start":{"line":101,"column":12},"end":{"line":101,"column":93}},"47":{"start":{"line":104,"column":16},"end":{"line":104,"column":120}},"48":{"start":{"line":105,"column":4},"end":{"line":107,"column":5}},"49":{"start":{"line":106,"column":8},"end":{"line":106,"column":97}},"50":{"start":{"line":108,"column":4},"end":{"line":108,"column":34}},"51":{"start":{"line":113,"column":0},"end":{"line":117,"column":2}},"52":{"start":{"line":114,"column":20},"end":{"line":114,"column":46}},"53":{"start":{"line":115,"column":20},"end":{"line":115,"column":133}},"54":{"start":{"line":116,"column":4},"end":{"line":116,"column":21}},"55":{"start":{"line":119,"column":0},"end":{"line":122,"column":2}},"56":{"start":{"line":120,"column":20},"end":{"line":120,"column":67}},"57":{"start":{"line":121,"column":4},"end":{"line":121,"column":37}},"58":{"start":{"line":125,"column":0},"end":{"line":125,"column":32}}},"fnMap":{"0":{"name":"(anonymous_0)","decl":{"start":{"line":14,"column":48},"end":{"line":14,"column":49}},"loc":{"start":{"line":14,"column":68},"end":{"line":17,"column":1}},"line":14},"1":{"name":"(anonymous_1)","decl":{"start":{"line":20,"column":49},"end":{"line":20,"column":50}},"loc":{"start":{"line":20,"column":69},"end":{"line":34,"column":1}},"line":20},"2":{"name":"(anonymous_2)","decl":{"start":{"line":37,"column":58},"end":{"line":37,"column":59}},"loc":{"start":{"line":37,"column":78},"end":{"line":45,"column":1}},"line":37},"3":{"name":"(anonymous_3)","decl":{"start":{"line":48,"column":60},"end":{"line":48,"column":61}},"loc":{"start":{"line":48,"column":80},"end":{"line":59,"column":1}},"line":48},"4":{"name":"(anonymous_4)","decl":{"start":{"line":62,"column":62},"end":{"line":62,"column":63}},"loc":{"start":{"line":62,"column":82},"end":{"line":65,"column":1}},"line":62},"5":{"name":"(anonymous_5)","decl":{"start":{"line":67,"column":69},"end":{"line":67,"column":70}},"loc":{"start":{"line":67,"column":89},"end":{"line":75,"column":1}},"line":67},"6":{"name":"(anonymous_6)","decl":{"start":{"line":79,"column":62},"end":{"line":79,"column":63}},"loc":{"start":{"line":79,"column":82},"end":{"line":87,"column":1}},"line":79},"7":{"name":"(anonymous_7)","decl":{"start":{"line":91,"column":63},"end":{"line":91,"column":64}},"loc":{"start":{"line":91,"column":83},"end":{"line":109,"column":1}},"line":91},"8":{"name":"(anonymous_8)","decl":{"start":{"line":113,"column":63},"end":{"line":113,"column":64}},"loc":{"start":{"line":113,"column":83},"end":{"line":117,"column":1}},"line":113},"9":{"name":"(anonymous_9)","decl":{"start":{"line":119,"column":59},"end":{"line":119,"column":60}},"loc":{"start":{"line":119,"column":79},"end":{"line":122,"column":1}},"line":119}},"branchMap":{"0":{"loc":{"start":{"line":81,"column":4},"end":{"line":83,"column":5}},"type":"if","locations":[{"start":{"line":81,"column":4},"end":{"line":83,"column":5}},{"start":{},"end":{}}],"line":81},"1":{"loc":{"start":{"line":93,"column":4},"end":{"line":102,"column":5}},"type":"if","locations":[{"start":{"line":93,"column":4},"end":{"line":102,"column":5}},{"start":{},"end":{}}],"line":93},"2":{"loc":{"start":{"line":95,"column":8},"end":{"line":101,"column":93}},"type":"if","locations":[{"start":{"line":95,"column":8},"end":{"line":101,"column":93}},{"start":{"line":101,"column":12},"end":{"line":101,"column":93}}],"line":95},"3":{"loc":{"start":{"line":105,"column":4},"end":{"line":107,"column":5}},"type":"if","locations":[{"start":{"line":105,"column":4},"end":{"line":107,"column":5}},{"start":{},"end":{}}],"line":105}},"s":{"0":3,"1":3,"2":3,"3":3,"4":3,"5":3,"6":3,"7":3,"8":1,"9":1,"10":3,"11":0,"12":0,"13":0,"14":0,"15":0,"16":0,"17":3,"18":1,"19":1,"20":3,"21":1,"22":1,"23":1,"24":1,"25":1,"26":3,"27":1,"28":1,"29":3,"30":0,"31":0,"32":3,"33":1,"34":1,"35":0,"36":1,"37":1,"38":3,"39":3,"40":3,"41":1,"42":1,"43":1,"44":1,"45":1,"46":0,"47":2,"48":2,"49":0,"50":2,"51":3,"52":1,"53":1,"54":1,"55":3,"56":1,"57":1,"58":3},"f":{"0":1,"1":0,"2":1,"3":1,"4":1,"5":0,"6":1,"7":3,"8":1,"9":1},"b":{"0":[0,1],"1":[1,2],"2":[1,0],"3":[0,2]},"_coverageSchema":"1a1c01bbd47fc00a2c39e90264f33305004495a9","hash":"45244870805c5cc73ff2dcb01bee023d47e6d133"}
,"C:\\Users\\Kolega\\Desktop\\Projekt\\projekt-bakolega\\backend\\controllers\\login.js": {"path":"C:\\Users\\Kolega\\Desktop\\Projekt\\projekt-bakolega\\backend\\controllers\\login.js","statementMap":{"0":{"start":{"line":1,"column":12},"end":{"line":1,"column":35}},"1":{"start":{"line":2,"column":15},"end":{"line":2,"column":32}},"2":{"start":{"line":3,"column":20},"end":{"line":3,"column":47}},"3":{"start":{"line":4,"column":17},"end":{"line":4,"column":46}},"4":{"start":{"line":7,"column":0},"end":{"line":36,"column":2}},"5":{"start":{"line":8,"column":19},"end":{"line":8,"column":27}},"6":{"start":{"line":10,"column":21},"end":{"line":10,"column":74}},"7":{"start":{"line":12,"column":22},"end":{"line":14,"column":66}},"8":{"start":{"line":19,"column":4},"end":{"line":23,"column":5}},"9":{"start":{"line":20,"column":8},"end":{"line":22,"column":10}},"10":{"start":{"line":24,"column":22},"end":{"line":27,"column":5}},"11":{"start":{"line":29,"column":18},"end":{"line":29,"column":57}},"12":{"start":{"line":32,"column":4},"end":{"line":34,"column":6}},"13":{"start":{"line":39,"column":0},"end":{"line":39,"column":28}}},"fnMap":{"0":{"name":"(anonymous_0)","decl":{"start":{"line":7,"column":22},"end":{"line":7,"column":23}},"loc":{"start":{"line":7,"column":42},"end":{"line":36,"column":1}},"line":7}},"branchMap":{"0":{"loc":{"start":{"line":12,"column":22},"end":{"line":14,"column":66}},"type":"cond-expr","locations":[{"start":{"line":13,"column":10},"end":{"line":13,"column":15}},{"start":{"line":14,"column":10},"end":{"line":14,"column":66}}],"line":12},"1":{"loc":{"start":{"line":19,"column":4},"end":{"line":23,"column":5}},"type":"if","locations":[{"start":{"line":19,"column":4},"end":{"line":23,"column":5}},{"start":{},"end":{}}],"line":19},"2":{"loc":{"start":{"line":19,"column":10},"end":{"line":19,"column":31}},"type":"binary-expr","locations":[{"start":{"line":19,"column":10},"end":{"line":19,"column":18}},{"start":{"line":19,"column":22},"end":{"line":19,"column":31}}],"line":19}},"s":{"0":3,"1":3,"2":3,"3":3,"4":3,"5":0,"6":0,"7":0,"8":0,"9":0,"10":0,"11":0,"12":0,"13":3},"f":{"0":0},"b":{"0":[0,0],"1":[0,0],"2":[0,0]},"_coverageSchema":"1a1c01bbd47fc00a2c39e90264f33305004495a9","hash":"8f45723f09bbf254a8b15824fa04c6814a545d46"}
,"C:\\Users\\Kolega\\Desktop\\Projekt\\projekt-bakolega\\backend\\models\\autor.js": {"path":"C:\\Users\\Kolega\\Desktop\\Projekt\\projekt-bakolega\\backend\\models\\autor.js","statementMap":{"0":{"start":{"line":1,"column":17},"end":{"line":1,"column":36}},"1":{"start":{"line":3,"column":15},"end":{"line":3,"column":30}},"2":{"start":{"line":5,"column":20},"end":{"line":9,"column":2}},"3":{"start":{"line":11,"column":0},"end":{"line":19,"column":3}},"4":{"start":{"line":13,"column":18},"end":{"line":13,"column":20}},"5":{"start":{"line":14,"column":4},"end":{"line":16,"column":5}},"6":{"start":{"line":15,"column":8},"end":{"line":15,"column":49}},"7":{"start":{"line":18,"column":4},"end":{"line":18,"column":19}},"8":{"start":{"line":21,"column":0},"end":{"line":21,"column":47}},"9":{"start":{"line":22,"column":0},"end":{"line":29,"column":22}},"10":{"start":{"line":24,"column":8},"end":{"line":24,"column":35}},"11":{"start":{"line":25,"column":8},"end":{"line":25,"column":22}},"12":{"start":{"line":26,"column":8},"end":{"line":26,"column":22}},"13":{"start":{"line":27,"column":8},"end":{"line":27,"column":18}},"14":{"start":{"line":32,"column":0},"end":{"line":32,"column":64}}},"fnMap":{"0":{"name":"(anonymous_0)","decl":{"start":{"line":11,"column":38},"end":{"line":11,"column":39}},"loc":{"start":{"line":11,"column":50},"end":{"line":19,"column":1}},"line":11},"1":{"name":"(anonymous_1)","decl":{"start":{"line":23,"column":15},"end":{"line":23,"column":16}},"loc":{"start":{"line":23,"column":29},"end":{"line":28,"column":5}},"line":23}},"branchMap":{"0":{"loc":{"start":{"line":14,"column":4},"end":{"line":16,"column":5}},"type":"if","locations":[{"start":{"line":14,"column":4},"end":{"line":16,"column":5}},{"start":{},"end":{}}],"line":14},"1":{"loc":{"start":{"line":14,"column":8},"end":{"line":14,"column":32}},"type":"binary-expr","locations":[{"start":{"line":14,"column":8},"end":{"line":14,"column":16}},{"start":{"line":14,"column":20},"end":{"line":14,"column":32}}],"line":14}},"s":{"0":3,"1":3,"2":3,"3":3,"4":0,"5":0,"6":0,"7":0,"8":3,"9":3,"10":6,"11":6,"12":6,"13":6,"14":3},"f":{"0":0,"1":6},"b":{"0":[0,0],"1":[0,0]},"_coverageSchema":"1a1c01bbd47fc00a2c39e90264f33305004495a9","hash":"f11352dcdcb626da537632cc5a83ae5dee9a41f0"}
,"C:\\Users\\Kolega\\Desktop\\Projekt\\projekt-bakolega\\backend\\models\\knjiga.js": {"path":"C:\\Users\\Kolega\\Desktop\\Projekt\\projekt-bakolega\\backend\\models\\knjiga.js","statementMap":{"0":{"start":{"line":1,"column":17},"end":{"line":1,"column":36}},"1":{"start":{"line":5,"column":21},"end":{"line":11,"column":2}},"2":{"start":{"line":13,"column":0},"end":{"line":13,"column":36}},"3":{"start":{"line":15,"column":0},"end":{"line":17,"column":3}},"4":{"start":{"line":16,"column":4},"end":{"line":16,"column":37}},"5":{"start":{"line":20,"column":0},"end":{"line":27,"column":2}},"6":{"start":{"line":22,"column":8},"end":{"line":22,"column":35}},"7":{"start":{"line":23,"column":8},"end":{"line":23,"column":22}},"8":{"start":{"line":24,"column":8},"end":{"line":24,"column":22}},"9":{"start":{"line":25,"column":8},"end":{"line":25,"column":18}},"10":{"start":{"line":29,"column":15},"end":{"line":29,"column":63}},"11":{"start":{"line":31,"column":0},"end":{"line":31,"column":23}}},"fnMap":{"0":{"name":"(anonymous_0)","decl":{"start":{"line":15,"column":32},"end":{"line":15,"column":33}},"loc":{"start":{"line":15,"column":44},"end":{"line":17,"column":1}},"line":15},"1":{"name":"(anonymous_1)","decl":{"start":{"line":21,"column":15},"end":{"line":21,"column":16}},"loc":{"start":{"line":21,"column":29},"end":{"line":26,"column":5}},"line":21}},"branchMap":{},"s":{"0":3,"1":3,"2":3,"3":3,"4":0,"5":3,"6":24,"7":24,"8":24,"9":24,"10":3,"11":3},"f":{"0":0,"1":24},"b":{},"_coverageSchema":"1a1c01bbd47fc00a2c39e90264f33305004495a9","hash":"3496406edab9a79f237c3b9eb3198c147fa2c35d"}
,"C:\\Users\\Kolega\\Desktop\\Projekt\\projekt-bakolega\\backend\\models\\kopijaKnjige.js": {"path":"C:\\Users\\Kolega\\Desktop\\Projekt\\projekt-bakolega\\backend\\models\\kopijaKnjige.js","statementMap":{"0":{"start":{"line":1,"column":17},"end":{"line":1,"column":36}},"1":{"start":{"line":3,"column":21},"end":{"line":18,"column":2}},"2":{"start":{"line":20,"column":0},"end":{"line":27,"column":2}},"3":{"start":{"line":22,"column":8},"end":{"line":22,"column":35}},"4":{"start":{"line":23,"column":8},"end":{"line":23,"column":22}},"5":{"start":{"line":24,"column":8},"end":{"line":24,"column":22}},"6":{"start":{"line":25,"column":8},"end":{"line":25,"column":18}},"7":{"start":{"line":29,"column":15},"end":{"line":29,"column":63}},"8":{"start":{"line":31,"column":0},"end":{"line":31,"column":23}}},"fnMap":{"0":{"name":"(anonymous_0)","decl":{"start":{"line":21,"column":15},"end":{"line":21,"column":16}},"loc":{"start":{"line":21,"column":29},"end":{"line":26,"column":5}},"line":21}},"branchMap":{},"s":{"0":3,"1":3,"2":3,"3":13,"4":13,"5":13,"6":13,"7":3,"8":3},"f":{"0":13},"b":{},"_coverageSchema":"1a1c01bbd47fc00a2c39e90264f33305004495a9","hash":"b2ae2ac0f6b40bc8b7a56603d9802e505344c16e"}
,"C:\\Users\\Kolega\\Desktop\\Projekt\\projekt-bakolega\\backend\\models\\korisnik.js": {"path":"C:\\Users\\Kolega\\Desktop\\Projekt\\projekt-bakolega\\backend\\models\\korisnik.js","statementMap":{"0":{"start":{"line":1,"column":17},"end":{"line":1,"column":36}},"1":{"start":{"line":2,"column":24},"end":{"line":2,"column":60}},"2":{"start":{"line":4,"column":23},"end":{"line":39,"column":2}},"3":{"start":{"line":37,"column":23},"end":{"line":37,"column":53}},"4":{"start":{"line":40,"column":0},"end":{"line":40,"column":38}},"5":{"start":{"line":43,"column":0},"end":{"line":51,"column":2}},"6":{"start":{"line":45,"column":8},"end":{"line":45,"column":35}},"7":{"start":{"line":46,"column":8},"end":{"line":46,"column":22}},"8":{"start":{"line":47,"column":8},"end":{"line":47,"column":22}},"9":{"start":{"line":48,"column":8},"end":{"line":48,"column":27}},"10":{"start":{"line":49,"column":8},"end":{"line":49,"column":18}},"11":{"start":{"line":53,"column":17},"end":{"line":53,"column":72}},"12":{"start":{"line":55,"column":0},"end":{"line":55,"column":25}}},"fnMap":{"0":{"name":"(anonymous_0)","decl":{"start":{"line":37,"column":17},"end":{"line":37,"column":18}},"loc":{"start":{"line":37,"column":23},"end":{"line":37,"column":53}},"line":37},"1":{"name":"(anonymous_1)","decl":{"start":{"line":44,"column":15},"end":{"line":44,"column":16}},"loc":{"start":{"line":44,"column":29},"end":{"line":50,"column":5}},"line":44}},"branchMap":{},"s":{"0":3,"1":3,"2":3,"3":37,"4":3,"5":3,"6":8,"7":8,"8":8,"9":8,"10":8,"11":3,"12":3},"f":{"0":37,"1":8},"b":{},"_coverageSchema":"1a1c01bbd47fc00a2c39e90264f33305004495a9","hash":"073c9218972fcdd1280f14df2a688e6dafaaef3d"}
,"C:\\Users\\Kolega\\Desktop\\Projekt\\projekt-bakolega\\backend\\utils\\authMiddleware.js": {"path":"C:\\Users\\Kolega\\Desktop\\Projekt\\projekt-bakolega\\backend\\utils\\authMiddleware.js","statementMap":{"0":{"start":{"line":1,"column":12},"end":{"line":1,"column":35}},"1":{"start":{"line":2,"column":25},"end":{"line":2,"column":50}},"2":{"start":{"line":3,"column":17},"end":{"line":3,"column":46}},"3":{"start":{"line":24,"column":28},"end":{"line":56,"column":1}},"4":{"start":{"line":26,"column":18},"end":{"line":26,"column":35}},"5":{"start":{"line":27,"column":21},"end":{"line":27,"column":34}},"6":{"start":{"line":28,"column":4},"end":{"line":55,"column":5}},"7":{"start":{"line":29,"column":8},"end":{"line":51,"column":10}},"8":{"start":{"line":30,"column":12},"end":{"line":50,"column":13}},"9":{"start":{"line":31,"column":16},"end":{"line":31,"column":83}},"10":{"start":{"line":33,"column":16},"end":{"line":49,"column":18}},"11":{"start":{"line":34,"column":20},"end":{"line":47,"column":21}},"12":{"start":{"line":37,"column":24},"end":{"line":37,"column":30}},"13":{"start":{"line":40,"column":25},"end":{"line":47,"column":21}},"14":{"start":{"line":43,"column":24},"end":{"line":43,"column":30}},"15":{"start":{"line":46,"column":24},"end":{"line":46,"column":87}},"16":{"start":{"line":54,"column":8},"end":{"line":54,"column":60}},"17":{"start":{"line":58,"column":30},"end":{"line":83,"column":1}},"18":{"start":{"line":60,"column":18},"end":{"line":60,"column":35}},"19":{"start":{"line":62,"column":4},"end":{"line":82,"column":5}},"20":{"start":{"line":63,"column":8},"end":{"line":78,"column":10}},"21":{"start":{"line":64,"column":12},"end":{"line":77,"column":13}},"22":{"start":{"line":65,"column":16},"end":{"line":65,"column":83}},"23":{"start":{"line":67,"column":16},"end":{"line":76,"column":18}},"24":{"start":{"line":68,"column":20},"end":{"line":75,"column":21}},"25":{"start":{"line":70,"column":24},"end":{"line":70,"column":30}},"26":{"start":{"line":74,"column":24},"end":{"line":74,"column":96}},"27":{"start":{"line":81,"column":8},"end":{"line":81,"column":60}},"28":{"start":{"line":85,"column":0},"end":{"line":85,"column":82}}},"fnMap":{"0":{"name":"(anonymous_0)","decl":{"start":{"line":24,"column":28},"end":{"line":24,"column":29}},"loc":{"start":{"line":24,"column":48},"end":{"line":56,"column":1}},"line":24},"1":{"name":"(anonymous_1)","decl":{"start":{"line":29,"column":46},"end":{"line":29,"column":47}},"loc":{"start":{"line":29,"column":65},"end":{"line":51,"column":9}},"line":29},"2":{"name":"(anonymous_2)","decl":{"start":{"line":33,"column":52},"end":{"line":33,"column":53}},"loc":{"start":{"line":33,"column":64},"end":{"line":49,"column":17}},"line":33},"3":{"name":"(anonymous_3)","decl":{"start":{"line":58,"column":30},"end":{"line":58,"column":31}},"loc":{"start":{"line":58,"column":50},"end":{"line":83,"column":1}},"line":58},"4":{"name":"(anonymous_4)","decl":{"start":{"line":63,"column":46},"end":{"line":63,"column":47}},"loc":{"start":{"line":63,"column":65},"end":{"line":78,"column":9}},"line":63},"5":{"name":"(anonymous_5)","decl":{"start":{"line":67,"column":52},"end":{"line":67,"column":53}},"loc":{"start":{"line":67,"column":64},"end":{"line":76,"column":17}},"line":67}},"branchMap":{"0":{"loc":{"start":{"line":28,"column":4},"end":{"line":55,"column":5}},"type":"if","locations":[{"start":{"line":28,"column":4},"end":{"line":55,"column":5}},{"start":{"line":53,"column":9},"end":{"line":55,"column":5}}],"line":28},"1":{"loc":{"start":{"line":30,"column":12},"end":{"line":50,"column":13}},"type":"if","locations":[{"start":{"line":30,"column":12},"end":{"line":50,"column":13}},{"start":{"line":32,"column":19},"end":{"line":50,"column":13}}],"line":30},"2":{"loc":{"start":{"line":34,"column":20},"end":{"line":47,"column":21}},"type":"if","locations":[{"start":{"line":34,"column":20},"end":{"line":47,"column":21}},{"start":{"line":40,"column":25},"end":{"line":47,"column":21}}],"line":34},"3":{"loc":{"start":{"line":40,"column":25},"end":{"line":47,"column":21}},"type":"if","locations":[{"start":{"line":40,"column":25},"end":{"line":47,"column":21}},{"start":{"line":45,"column":25},"end":{"line":47,"column":21}}],"line":40},"4":{"loc":{"start":{"line":62,"column":4},"end":{"line":82,"column":5}},"type":"if","locations":[{"start":{"line":62,"column":4},"end":{"line":82,"column":5}},{"start":{"line":80,"column":9},"end":{"line":82,"column":5}}],"line":62},"5":{"loc":{"start":{"line":64,"column":12},"end":{"line":77,"column":13}},"type":"if","locations":[{"start":{"line":64,"column":12},"end":{"line":77,"column":13}},{"start":{"line":66,"column":19},"end":{"line":77,"column":13}}],"line":64},"6":{"loc":{"start":{"line":68,"column":20},"end":{"line":75,"column":21}},"type":"if","locations":[{"start":{"line":68,"column":20},"end":{"line":75,"column":21}},{"start":{"line":72,"column":25},"end":{"line":75,"column":21}}],"line":68}},"s":{"0":3,"1":3,"2":3,"3":3,"4":8,"5":8,"6":8,"7":8,"8":8,"9":0,"10":8,"11":8,"12":2,"13":6,"14":6,"15":0,"16":0,"17":3,"18":13,"19":13,"20":12,"21":12,"22":0,"23":12,"24":12,"25":11,"26":1,"27":1,"28":3},"f":{"0":8,"1":8,"2":8,"3":13,"4":12,"5":12},"b":{"0":[8,0],"1":[0,8],"2":[2,6],"3":[6,0],"4":[12,1],"5":[0,12],"6":[11,1]},"_coverageSchema":"1a1c01bbd47fc00a2c39e90264f33305004495a9","hash":"af7bbb6c1fd0d3fc82879d4ba91dd4b72596abf6"}
,"C:\\Users\\Kolega\\Desktop\\Projekt\\projekt-bakolega\\backend\\utils\\config.js": {"path":"C:\\Users\\Kolega\\Desktop\\Projekt\\projekt-bakolega\\backend\\utils\\config.js","statementMap":{"0":{"start":{"line":1,"column":0},"end":{"line":1,"column":26}},"1":{"start":{"line":3,"column":13},"end":{"line":3,"column":29}},"2":{"start":{"line":6,"column":17},"end":{"line":6,"column":39}},"3":{"start":{"line":7,"column":13},"end":{"line":7,"column":35}},"4":{"start":{"line":8,"column":15},"end":{"line":8,"column":87}},"5":{"start":{"line":9,"column":15},"end":{"line":10,"column":28}},"6":{"start":{"line":14,"column":23},"end":{"line":14,"column":25}},"7":{"start":{"line":16,"column":0},"end":{"line":16,"column":47}}},"fnMap":{},"branchMap":{"0":{"loc":{"start":{"line":8,"column":15},"end":{"line":8,"column":87}},"type":"cond-expr","locations":[{"start":{"line":8,"column":49},"end":{"line":8,"column":69}},{"start":{"line":8,"column":72},"end":{"line":8,"column":87}}],"line":8}},"s":{"0":3,"1":3,"2":3,"3":3,"4":3,"5":3,"6":3,"7":3},"f":{},"b":{"0":[3,0]},"_coverageSchema":"1a1c01bbd47fc00a2c39e90264f33305004495a9","hash":"bbfe3e998cb4727d541e622176c6c4fed33dfd71"}
,"C:\\Users\\Kolega\\Desktop\\Projekt\\projekt-bakolega\\backend\\utils\\dohvatiToken.js": {"path":"C:\\Users\\Kolega\\Desktop\\Projekt\\projekt-bakolega\\backend\\utils\\dohvatiToken.js","statementMap":{"0":{"start":{"line":1,"column":16},"end":{"line":1,"column":34}},"1":{"start":{"line":2,"column":12},"end":{"line":2,"column":35}},"2":{"start":{"line":4,"column":21},"end":{"line":10,"column":1}},"3":{"start":{"line":5,"column":17},"end":{"line":5,"column":41}},"4":{"start":{"line":6,"column":4},"end":{"line":8,"column":5}},"5":{"start":{"line":7,"column":8},"end":{"line":7,"column":32}},"6":{"start":{"line":9,"column":4},"end":{"line":9,"column":15}},"7":{"start":{"line":12,"column":0},"end":{"line":12,"column":31}}},"fnMap":{"0":{"name":"(anonymous_0)","decl":{"start":{"line":4,"column":21},"end":{"line":4,"column":22}},"loc":{"start":{"line":4,"column":28},"end":{"line":10,"column":1}},"line":4}},"branchMap":{"0":{"loc":{"start":{"line":6,"column":4},"end":{"line":8,"column":5}},"type":"if","locations":[{"start":{"line":6,"column":4},"end":{"line":8,"column":5}},{"start":{},"end":{}}],"line":6},"1":{"loc":{"start":{"line":6,"column":8},"end":{"line":6,"column":55}},"type":"binary-expr","locations":[{"start":{"line":6,"column":8},"end":{"line":6,"column":12}},{"start":{"line":6,"column":16},"end":{"line":6,"column":55}}],"line":6}},"s":{"0":3,"1":3,"2":3,"3":21,"4":21,"5":20,"6":1,"7":3},"f":{"0":21},"b":{"0":[20,1],"1":[21,20]},"_coverageSchema":"1a1c01bbd47fc00a2c39e90264f33305004495a9","hash":"b66e482f509551c394a60316c7d82db4228038e5"}
,"C:\\Users\\Kolega\\Desktop\\Projekt\\projekt-bakolega\\backend\\utils\\middleware.js": {"path":"C:\\Users\\Kolega\\Desktop\\Projekt\\projekt-bakolega\\backend\\utils\\middleware.js","statementMap":{"0":{"start":{"line":1,"column":22},"end":{"line":4,"column":1}},"1":{"start":{"line":2,"column":4},"end":{"line":2,"column":55}},"2":{"start":{"line":7,"column":21},"end":{"line":17,"column":1}},"3":{"start":{"line":9,"column":4},"end":{"line":15,"column":5}},"4":{"start":{"line":10,"column":8},"end":{"line":10,"column":67}},"5":{"start":{"line":11,"column":11},"end":{"line":15,"column":5}},"6":{"start":{"line":12,"column":8},"end":{"line":12,"column":59}},"7":{"start":{"line":13,"column":11},"end":{"line":15,"column":5}},"8":{"start":{"line":14,"column":8},"end":{"line":14,"column":66}},"9":{"start":{"line":16,"column":4},"end":{"line":16,"column":13}},"10":{"start":{"line":19,"column":0},"end":{"line":19,"column":48}}},"fnMap":{"0":{"name":"(anonymous_0)","decl":{"start":{"line":1,"column":22},"end":{"line":1,"column":23}},"loc":{"start":{"line":1,"column":36},"end":{"line":4,"column":1}},"line":1},"1":{"name":"(anonymous_1)","decl":{"start":{"line":7,"column":21},"end":{"line":7,"column":22}},"loc":{"start":{"line":7,"column":46},"end":{"line":17,"column":1}},"line":7}},"branchMap":{"0":{"loc":{"start":{"line":9,"column":4},"end":{"line":15,"column":5}},"type":"if","locations":[{"start":{"line":9,"column":4},"end":{"line":15,"column":5}},{"start":{"line":11,"column":11},"end":{"line":15,"column":5}}],"line":9},"1":{"loc":{"start":{"line":11,"column":11},"end":{"line":15,"column":5}},"type":"if","locations":[{"start":{"line":11,"column":11},"end":{"line":15,"column":5}},{"start":{"line":13,"column":11},"end":{"line":15,"column":5}}],"line":11},"2":{"loc":{"start":{"line":13,"column":11},"end":{"line":15,"column":5}},"type":"if","locations":[{"start":{"line":13,"column":11},"end":{"line":15,"column":5}},{"start":{},"end":{}}],"line":13}},"s":{"0":3,"1":0,"2":3,"3":0,"4":0,"5":0,"6":0,"7":0,"8":0,"9":0,"10":3},"f":{"0":0,"1":0},"b":{"0":[0,0],"1":[0,0],"2":[0,0]},"_coverageSchema":"1a1c01bbd47fc00a2c39e90264f33305004495a9","hash":"93543401bf4b0ab667e1f9eb4622d1cf3ae9dfbe"}
}
