TN:
SF:app.js
FN:23,(anonymous_0)
FN:26,(anonymous_1)
FNF:2
FNH:1
FNDA:3,(anonymous_0)
FNDA:0,(anonymous_1)
DA:1,3
DA:2,3
DA:3,3
DA:4,3
DA:5,3
DA:6,3
DA:8,3
DA:9,3
DA:10,3
DA:11,3
DA:12,3
DA:13,3
DA:15,3
DA:20,3
DA:22,3
DA:24,3
DA:27,0
DA:32,3
DA:33,3
DA:34,3
DA:36,3
DA:37,3
DA:39,3
DA:41,3
DA:42,3
DA:43,3
DA:47,3
DA:48,3
DA:50,3
LF:29
LH:28
BRF:0
BRH:0
end_of_record
TN:
SF:Test\test_pomocni.js
FN:28,(anonymous_0)
FN:30,(anonymous_1)
FN:32,(anonymous_2)
FN:34,(anonymous_3)
FN:38,(anonymous_4)
FN:40,(anonymous_5)
FNF:6
FNH:4
FNDA:2,(anonymous_0)
FNDA:2,(anonymous_1)
FNDA:0,(anonymous_2)
FNDA:0,(anonymous_3)
FNDA:2,(anonymous_4)
FNDA:6,(anonymous_5)
DA:1,3
DA:2,3
DA:4,3
DA:28,3
DA:29,2
DA:30,2
DA:32,3
DA:33,0
DA:34,0
DA:38,3
DA:39,2
DA:40,6
DA:43,3
LF:13
LH:11
BRF:0
BRH:0
end_of_record
TN:
SF:controllers\autori.js
FN:7,(anonymous_0)
FN:12,(anonymous_1)
FN:18,(anonymous_2)
FN:28,(anonymous_3)
FN:42,(anonymous_4)
FNF:5
FNH:5
FNDA:1,(anonymous_0)
FNDA:1,(anonymous_1)
FNDA:1,(anonymous_2)
FNDA:2,(anonymous_3)
FNDA:1,(anonymous_4)
DA:1,3
DA:2,3
DA:3,3
DA:7,3
DA:8,1
DA:9,1
DA:12,3
DA:13,1
DA:14,1
DA:18,3
DA:19,1
DA:23,1
DA:28,3
DA:30,2
DA:32,2
DA:33,1
DA:37,1
DA:42,1
DA:43,1
DA:56,3
LF:20
LH:20
BRDA:32,0,0,1
BRDA:32,0,1,1
BRF:2
BRH:2
end_of_record
TN:
SF:controllers\knjige.js
FN:8,(anonymous_0)
FN:14,(anonymous_1)
FN:28,(anonymous_2)
FN:37,(anonymous_3)
FN:49,(anonymous_4)
FNF:5
FNH:5
FNDA:3,(anonymous_0)
FNDA:1,(anonymous_1)
FNDA:1,(anonymous_2)
FNDA:1,(anonymous_3)
FNDA:1,(anonymous_4)
DA:1,3
DA:3,3
DA:5,3
DA:8,3
DA:9,3
DA:11,3
DA:14,3
DA:15,1
DA:16,1
DA:18,1
DA:28,3
DA:30,1
DA:33,1
DA:37,3
DA:39,1
DA:41,1
DA:49,1
DA:50,1
DA:64,3
LF:19
LH:19
BRF:0
BRH:0
end_of_record
TN:
SF:controllers\knjiznicari.js
FN:8,(anonymous_0)
FN:33,(anonymous_1)
FNF:2
FNH:2
FNDA:1,(anonymous_0)
FNDA:1,(anonymous_1)
DA:1,3
DA:2,3
DA:3,3
DA:4,3
DA:5,3
DA:8,3
DA:10,1
DA:11,1
DA:14,1
DA:15,1
DA:16,0
DA:17,0
DA:23,1
DA:24,1
DA:25,0
DA:26,0
DA:28,1
DA:33,3
DA:35,1
DA:36,1
DA:37,0
DA:40,1
DA:41,1
DA:42,0
DA:44,1
DA:47,3
LF:26
LH:20
BRDA:15,0,0,0
BRDA:15,0,1,1
BRDA:24,1,0,0
BRDA:24,1,1,1
BRDA:36,2,0,0
BRDA:36,2,1,1
BRDA:41,3,0,0
BRDA:41,3,1,1
BRF:8
BRH:4
end_of_record
TN:
SF:controllers\kopijeKnjige.js
FN:11,(anonymous_0)
FN:24,(anonymous_1)
FN:30,(anonymous_2)
FN:58,(anonymous_3)
FNF:4
FNH:4
FNDA:2,(anonymous_0)
FNDA:1,(anonymous_1)
FNDA:1,(anonymous_2)
FNDA:2,(anonymous_3)
DA:1,3
DA:2,3
DA:3,3
DA:4,3
DA:5,3
DA:7,3
DA:11,3
DA:13,2
DA:15,2
DA:16,1
DA:20,1
DA:24,1
DA:25,1
DA:30,3
DA:31,1
DA:34,1
DA:58,3
DA:59,2
DA:60,2
DA:61,2
DA:63,2
DA:69,3
LF:22
LH:22
BRDA:15,0,0,1
BRDA:15,0,1,1
BRF:2
BRH:2
end_of_record
TN:
SF:controllers\korisnici.js
FN:14,(anonymous_0)
FN:20,(anonymous_1)
FN:37,(anonymous_2)
FN:48,(anonymous_3)
FN:62,(anonymous_4)
FN:67,(anonymous_5)
FN:79,(anonymous_6)
FN:91,(anonymous_7)
FN:113,(anonymous_8)
FN:119,(anonymous_9)
FNF:10
FNH:8
FNDA:1,(anonymous_0)
FNDA:0,(anonymous_1)
FNDA:1,(anonymous_2)
FNDA:1,(anonymous_3)
FNDA:1,(anonymous_4)
FNDA:0,(anonymous_5)
FNDA:1,(anonymous_6)
FNDA:3,(anonymous_7)
FNDA:1,(anonymous_8)
FNDA:1,(anonymous_9)
DA:1,3
DA:3,3
DA:4,3
DA:5,3
DA:7,3
DA:9,3
DA:11,3
DA:14,3
DA:15,1
DA:16,1
DA:20,3
DA:21,0
DA:22,0
DA:23,0
DA:25,0
DA:32,0
DA:33,0
DA:37,3
DA:38,1
DA:44,1
DA:48,3
DA:50,1
DA:51,1
DA:52,1
DA:56,1
DA:58,1
DA:62,3
DA:63,1
DA:64,1
DA:67,3
DA:68,0
DA:74,0
DA:79,3
DA:80,1
DA:81,1
DA:82,0
DA:84,1
DA:85,1
DA:91,3
DA:92,3
DA:93,3
DA:94,1
DA:95,1
DA:96,1
DA:97,1
DA:98,1
DA:101,0
DA:104,2
DA:105,2
DA:106,0
DA:108,2
DA:113,3
DA:114,1
DA:115,1
DA:116,1
DA:119,3
DA:120,1
DA:121,1
DA:125,3
LF:59
LH:48
BRDA:81,0,0,0
BRDA:81,0,1,1
BRDA:93,1,0,1
BRDA:93,1,1,2
BRDA:95,2,0,1
BRDA:95,2,1,0
BRDA:105,3,0,0
BRDA:105,3,1,2
BRF:8
BRH:5
end_of_record
TN:
SF:controllers\login.js
FN:7,(anonymous_0)
FNF:1
FNH:0
FNDA:0,(anonymous_0)
DA:1,3
DA:2,3
DA:3,3
DA:4,3
DA:7,3
DA:8,0
DA:10,0
DA:12,0
DA:19,0
DA:20,0
DA:24,0
DA:29,0
DA:32,0
DA:39,3
LF:14
LH:6
BRDA:12,0,0,0
BRDA:12,0,1,0
BRDA:19,1,0,0
BRDA:19,1,1,0
BRDA:19,2,0,0
BRDA:19,2,1,0
BRF:6
BRH:0
end_of_record
TN:
SF:models\autor.js
FN:11,(anonymous_0)
FN:23,(anonymous_1)
FNF:2
FNH:1
FNDA:0,(anonymous_0)
FNDA:6,(anonymous_1)
DA:1,3
DA:3,3
DA:5,3
DA:11,3
DA:13,0
DA:14,0
DA:15,0
DA:18,0
DA:21,3
DA:22,3
DA:24,6
DA:25,6
DA:26,6
DA:27,6
DA:32,3
LF:15
LH:11
BRDA:14,0,0,0
BRDA:14,0,1,0
BRDA:14,1,0,0
BRDA:14,1,1,0
BRF:4
BRH:0
end_of_record
TN:
SF:models\knjiga.js
FN:15,(anonymous_0)
FN:21,(anonymous_1)
FNF:2
FNH:1
FNDA:0,(anonymous_0)
FNDA:24,(anonymous_1)
DA:1,3
DA:5,3
DA:13,3
DA:15,3
DA:16,0
DA:20,3
DA:22,24
DA:23,24
DA:24,24
DA:25,24
DA:29,3
DA:31,3
LF:12
LH:11
BRF:0
BRH:0
end_of_record
TN:
SF:models\kopijaKnjige.js
FN:21,(anonymous_0)
FNF:1
FNH:1
FNDA:13,(anonymous_0)
DA:1,3
DA:3,3
DA:20,3
DA:22,13
DA:23,13
DA:24,13
DA:25,13
DA:29,3
DA:31,3
LF:9
LH:9
BRF:0
BRH:0
end_of_record
TN:
SF:models\korisnik.js
FN:37,(anonymous_0)
FN:44,(anonymous_1)
FNF:2
FNH:2
FNDA:37,(anonymous_0)
FNDA:8,(anonymous_1)
DA:1,3
DA:2,3
DA:4,3
DA:37,37
DA:40,3
DA:43,3
DA:45,8
DA:46,8
DA:47,8
DA:48,8
DA:49,8
DA:53,3
DA:55,3
LF:13
LH:13
BRF:0
BRH:0
end_of_record
TN:
SF:utils\authMiddleware.js
FN:24,(anonymous_0)
FN:29,(anonymous_1)
FN:33,(anonymous_2)
FN:58,(anonymous_3)
FN:63,(anonymous_4)
FN:67,(anonymous_5)
FNF:6
FNH:6
FNDA:8,(anonymous_0)
FNDA:8,(anonymous_1)
FNDA:8,(anonymous_2)
FNDA:13,(anonymous_3)
FNDA:12,(anonymous_4)
FNDA:12,(anonymous_5)
DA:1,3
DA:2,3
DA:3,3
DA:24,3
DA:26,8
DA:27,8
DA:28,8
DA:29,8
DA:30,8
DA:31,0
DA:33,8
DA:34,8
DA:37,2
DA:40,6
DA:43,6
DA:46,0
DA:54,0
DA:58,3
DA:60,13
DA:62,13
DA:63,12
DA:64,12
DA:65,0
DA:67,12
DA:68,12
DA:70,11
DA:74,1
DA:81,1
DA:85,3
LF:29
LH:25
BRDA:28,0,0,8
BRDA:28,0,1,0
BRDA:30,1,0,0
BRDA:30,1,1,8
BRDA:34,2,0,2
BRDA:34,2,1,6
BRDA:40,3,0,6
BRDA:40,3,1,0
BRDA:62,4,0,12
BRDA:62,4,1,1
BRDA:64,5,0,0
BRDA:64,5,1,12
BRDA:68,6,0,11
BRDA:68,6,1,1
BRF:14
BRH:10
end_of_record
TN:
SF:utils\config.js
FNF:0
FNH:0
DA:1,3
DA:3,3
DA:6,3
DA:7,3
DA:8,3
DA:9,3
DA:14,3
DA:16,3
LF:8
LH:8
BRDA:8,0,0,3
BRDA:8,0,1,0
BRF:2
BRH:1
end_of_record
TN:
SF:utils\dohvatiToken.js
FN:4,(anonymous_0)
FNF:1
FNH:1
FNDA:21,(anonymous_0)
DA:1,3
DA:2,3
DA:4,3
DA:5,21
DA:6,21
DA:7,20
DA:9,1
DA:12,3
LF:8
LH:8
BRDA:6,0,0,20
BRDA:6,0,1,1
BRDA:6,1,0,21
BRDA:6,1,1,20
BRF:4
BRH:4
end_of_record
TN:
SF:utils\middleware.js
FN:1,(anonymous_0)
FN:7,(anonymous_1)
FNF:2
FNH:0
FNDA:0,(anonymous_0)
FNDA:0,(anonymous_1)
DA:1,3
DA:2,0
DA:7,3
DA:9,0
DA:10,0
DA:11,0
DA:12,0
DA:13,0
DA:14,0
DA:16,0
DA:19,3
LF:11
LH:3
BRDA:9,0,0,0
BRDA:9,0,1,0
BRDA:11,1,0,0
BRDA:11,1,1,0
BRDA:13,2,0,0
BRDA:13,2,1,0
BRF:6
BRH:0
end_of_record
